SF:lib\l10n\l10n.dart
DA:20,6
LF:1
LH:1
end_of_record
SF:lib\app.dart
DA:13,1
DA:22,1
DA:24,1
DA:25,1
DA:26,1
DA:27,2
DA:28,1
DA:29,1
DA:42,4
DA:44,1
DA:45,1
DA:49,1
DA:51,1
DA:52,2
DA:55,1
DA:57,5
DA:58,1
DA:61,1
DA:63,2
DA:64,1
DA:67,1
DA:69,1
DA:70,1
DA:71,2
DA:73,1
DA:75,1
DA:77,1
DA:78,1
DA:83,1
DA:84,1
DA:87,1
DA:88,3
DA:90,1
LF:33
LH:33
end_of_record
SF:lib\home\view\home_page.dart
DA:13,5
DA:15,2
DA:17,2
DA:19,2
DA:21,2
DA:22,4
DA:24,2
DA:25,2
DA:27,2
DA:28,2
DA:29,4
DA:30,2
DA:31,2
DA:33,4
DA:35,2
DA:36,2
DA:37,2
DA:38,2
DA:44,2
DA:46,2
DA:47,4
LF:21
LH:21
end_of_record
SF:lib\settings\locale_settings\bloc\locale_settings_bloc.dart
DA:24,4
DA:27,4
DA:28,8
DA:29,8
DA:30,8
DA:38,4
DA:42,16
DA:48,4
DA:51,0
DA:55,2
DA:63,2
DA:67,4
DA:68,8
DA:69,4
DA:70,4
DA:81,2
DA:85,8
DA:87,2
DA:90,2
DA:93,2
DA:95,2
DA:96,4
DA:97,2
DA:98,2
DA:103,4
DA:107,1
DA:109,1
DA:110,2
DA:111,1
DA:112,1
DA:119,2
DA:123,10
DA:128,4
DA:129,8
DA:133,4
DA:135,2
DA:137,2
DA:138,2
DA:139,4
DA:140,2
DA:143,6
DA:144,0
DA:145,0
DA:146,0
DA:149,6
DA:151,0
DA:152,0
DA:153,0
DA:154,0
DA:155,0
DA:158,0
DA:166,2
DA:169,4
DA:171,2
DA:176,2
DA:177,4
DA:180,4
LF:57
LH:47
end_of_record
SF:lib\settings\locale_settings\bloc\locale_settings_event.dart
DA:7,10
DA:14,7
DA:21,2
DA:31,3
LF:4
LH:4
end_of_record
SF:lib\settings\locale_settings\bloc\locale_settings_state.dart
DA:9,9
DA:25,4
DA:30,4
DA:31,6
DA:32,6
DA:34,8
DA:38,4
DA:39,4
DA:40,4
DA:41,4
DA:42,4
LF:11
LH:11
end_of_record
SF:lib\settings\locale_settings\dialogs\locale_settings_bottom_sheet.dart
DA:22,2
DA:27,1
DA:30,2
DA:33,2
DA:39,2
DA:44,2
DA:45,2
DA:47,2
DA:54,2
DA:55,2
DA:58,3
DA:64,3
LF:12
LH:12
end_of_record
SF:lib\settings\locale_settings\helpers\locale_options.dart
DA:33,2
DA:39,4
DA:40,2
DA:41,6
DA:43,0
DA:44,0
DA:48,2
DA:51,3
DA:52,1
DA:53,2
DA:55,1
DA:60,2
DA:62,2
DA:63,2
DA:64,4
DA:65,2
DA:66,4
DA:67,4
DA:68,4
DA:72,4
DA:94,2
DA:98,2
DA:99,4
DA:103,4
DA:105,2
DA:109,0
DA:112,0
LF:27
LH:23
end_of_record
SF:lib\settings\locale_settings\models\locale_display_option.dart
DA:24,2
LF:1
LH:1
end_of_record
SF:lib\settings\locale_settings\widgets\locale_options_list.dart
DA:21,2
DA:26,2
DA:27,1
DA:28,3
DA:29,2
DA:30,2
DA:31,4
DA:32,2
DA:34,2
DA:36,2
DA:40,2
DA:42,2
DA:43,2
DA:47,2
DA:48,2
DA:49,2
DA:50,2
DA:53,2
DA:56,4
DA:58,2
DA:61,4
DA:70,2
DA:74,2
DA:75,2
DA:80,6
DA:86,2
DA:92,4
DA:93,2
DA:95,2
DA:96,2
DA:100,1
DA:101,2
DA:102,1
DA:103,1
LF:34
LH:34
end_of_record
SF:lib\settings\locale_settings\widgets\locale_radio_list_tile.dart
DA:33,2
DA:54,2
DA:56,2
DA:57,4
DA:58,2
DA:59,6
DA:63,2
DA:64,2
DA:65,2
DA:67,2
DA:68,6
DA:69,4
DA:70,6
DA:73,2
DA:74,1
DA:76,2
LF:16
LH:16
end_of_record
